<?xml version="1.0" encoding="UTF-8"?>
<!-- Generated by org.testng.reporters.JUnitReportReporter -->
<testsuite name="com.automation.testClass.IOSDemoTest" tests="2" time="26.627" ignored="0" failures="0" timestamp="01 Aug 2018 05:04:56 GMT" skipped="0" hostname="ESEKAVDASP31082" errors="0">
  <testcase name="WebFailtest" time="15.983" classname="com.automation.testClass.IOSDemoTest"/>
  <testcase name="WebPasstest" time="10.644" classname="com.automation.testClass.IOSDemoTest"/>
</testsuite> <!-- com.automation.testClass.IOSDemoTest -->
