<?xml version="1.0" encoding="UTF-8"?>
<!-- Generated by org.testng.reporters.JUnitReportReporter -->
<testsuite name="com.automation.testClass.AndroidDemoTest" tests="2" time="22.712" ignored="0" failures="0" timestamp="31 Jul 2018 10:20:12 GMT" skipped="0" hostname="ESEKAVDASP31082" errors="0">
  <testcase name="WebPasstest" time="11.126" classname="com.automation.testClass.AndroidDemoTest"/>
  <testcase name="WebfailTest" time="11.586" classname="com.automation.testClass.AndroidDemoTest"/>
</testsuite> <!-- com.automation.testClass.AndroidDemoTest -->
